[2026-04-08 17:32:17] [31merror[39m: [31m❌ MongoDB connection failed: connect ECONNREFUSED ::1:27017, connect ECONNREFUSED 127.0.0.1:27017[39m
[2026-04-08 17:32:45] [31merror[39m: [31m❌ MongoDB connection failed: connect ECONNREFUSED ::1:27017, connect ECONNREFUSED 127.0.0.1:27017[39m
[2026-04-08 17:32:58] [31merror[39m: [31m❌ MongoDB connection failed: connect ECONNREFUSED ::1:27017, connect ECONNREFUSED 127.0.0.1:27017[39m
[2026-04-08 17:33:26] [31merror[39m: [31m❌ MongoDB connection failed: connect ECONNREFUSED ::1:27017, connect ECONNREFUSED 127.0.0.1:27017[39m
[2026-04-08 17:33:42] [31merror[39m: [31m❌ MongoDB connection failed: connect ECONNREFUSED ::1:27017, connect ECONNREFUSED 127.0.0.1:27017[39m
[2026-04-08 17:33:48] [31merror[39m: [31m❌ MongoDB connection failed: connect ECONNREFUSED ::1:27017, connect ECONNREFUSED 127.0.0.1:27017[39m
[2026-04-08 17:34:06] [31merror[39m: [31m❌ MongoDB connection failed: connect ECONNREFUSED ::1:27017, connect ECONNREFUSED 127.0.0.1:27017[39m
[2026-04-08 17:34:22] [31merror[39m: [31m❌ MongoDB connection failed: connect ECONNREFUSED ::1:27017, connect ECONNREFUSED 127.0.0.1:27017[39m
[2026-04-08 17:34:41] [31merror[39m: [31m❌ MongoDB connection failed: connect ECONNREFUSED ::1:27017, connect ECONNREFUSED 127.0.0.1:27017[39m
[2026-04-08 17:34:53] [31merror[39m: [31m❌ MongoDB connection failed: connect ECONNREFUSED ::1:27017, connect ECONNREFUSED 127.0.0.1:27017[39m
[2026-04-08 17:35:13] [31merror[39m: [31m❌ MongoDB connection failed: connect ECONNREFUSED ::1:27017, connect ECONNREFUSED 127.0.0.1:27017[39m
[2026-04-08 17:35:33] [31merror[39m: [31m❌ MongoDB connection failed: connect ECONNREFUSED ::1:27017, connect ECONNREFUSED 127.0.0.1:27017[39m
[2026-04-08 17:36:03] [31merror[39m: [31m❌ MongoDB connection failed: connect ECONNREFUSED ::1:27017, connect ECONNREFUSED 127.0.0.1:27017[39m
[2026-04-08 17:36:25] [31merror[39m: [31m❌ MongoDB connection failed: connect ECONNREFUSED ::1:27017, connect ECONNREFUSED 127.0.0.1:27017[39m
[2026-04-08 17:36:52] [31merror[39m: [31m❌ MongoDB connection failed: connect ECONNREFUSED ::1:27017, connect ECONNREFUSED 127.0.0.1:27017[39m
[2026-04-08 17:37:01] [31merror[39m: [31m❌ MongoDB connection failed: connect ECONNREFUSED ::1:27017, connect ECONNREFUSED 127.0.0.1:27017[39m
[2026-04-08 17:37:08] [31merror[39m: [31m❌ MongoDB connection failed: connect ECONNREFUSED ::1:27017, connect ECONNREFUSED 127.0.0.1:27017[39m
[2026-04-08 17:45:45] [31merror[39m: [31m❌ MongoDB connection failed: connect ECONNREFUSED ::1:27017, connect ECONNREFUSED 127.0.0.1:27017[39m
[2026-04-08 17:48:37] [31merror[39m: [31m❌ MongoDB connection failed: connect ECONNREFUSED ::1:27017, connect ECONNREFUSED 127.0.0.1:27017[39m
[2026-04-08 17:49:06] [31merror[39m: [31m❌ MongoDB connection failed: connect ECONNREFUSED ::1:27017, connect ECONNREFUSED 127.0.0.1:27017[39m
[2026-04-08 17:49:15] [31merror[39m: [31m❌ MongoDB connection failed: connect ECONNREFUSED ::1:27017, connect ECONNREFUSED 127.0.0.1:27017[39m
[2026-04-09 11:01:56] [31merror[39m: [31mMongoDB connection failed: querySrv ENOTFOUND _mongodb._tcp.cluster.mongodb.net[39m
[2026-04-09 11:02:19] [31merror[39m: [31mMongoDB connection failed: querySrv ENOTFOUND _mongodb._tcp.cluster.mongodb.net[39m
[2026-04-09 11:02:27] [31merror[39m: [31mMongoDB connection failed: querySrv ENOTFOUND _mongodb._tcp.cluster.mongodb.net[39m
[2026-04-09 11:02:31] [31merror[39m: [31mMongoDB connection failed: querySrv ENOTFOUND _mongodb._tcp.cluster.mongodb.net[39m
[2026-04-09 11:07:08] [31merror[39m: [31mMongoDB connection failed: querySrv ENOTFOUND _mongodb._tcp.cluster.mongodb.net[39m
[2026-04-09 11:10:57] [32minfo[39m: [32mMongoDB Connected: rohan-shard-00-02.e8ba9.mongodb.net[39m
[2026-04-09 11:12:07] [32minfo[39m: [32mMongoDB Connected: rohan-shard-00-02.e8ba9.mongodb.net[39m
[2026-04-09 11:19:33] [32minfo[39m: [32mMongoDB Connected: rohan-shard-00-01.e8ba9.mongodb.net[39m
[2026-04-09 11:21:56] [32minfo[39m: [32mMongoDB Connected: rohan-shard-00-00.e8ba9.mongodb.net[39m
[2026-04-09 11:22:10] [32minfo[39m: [32mMongoDB Connected: rohan-shard-00-00.e8ba9.mongodb.net[39m
[2026-04-09 11:22:57] [32minfo[39m: [32mMongoDB Connected: rohan-shard-00-00.e8ba9.mongodb.net[39m
[2026-04-09 11:24:23] [32minfo[39m: [32mMongoDB Connected: rohan-shard-00-01.e8ba9.mongodb.net[39m
[2026-04-09 11:27:42] [32minfo[39m: [32mMongoDB Connected: rohan-shard-00-00.e8ba9.mongodb.net[39m
[2026-04-09 11:28:01] [32minfo[39m: [32mMongoDB Connected: rohan-shard-00-00.e8ba9.mongodb.net[39m
[2026-04-09 11:53:16] [32minfo[39m: [32mMongoDB Connected: rohan-shard-00-02.e8ba9.mongodb.net[39m
[2026-04-09 11:57:40] [32minfo[39m: [32mMongoDB Connected: rohan-shard-00-01.e8ba9.mongodb.net[39m
[2026-04-09 11:57:40] [32minfo[39m: [32m[39m
[32m    ╔══════════════════════════════════════════════╗[39m
[32m    ║       🇮🇳  India Quiz API Started  🇮🇳         ║[39m
[32m    ╠══════════════════════════════════════════════╣[39m
[32m    ║  ENV  : development                         ║[39m
[32m    ║  PORT : 8080                                ║[39m
[32m    ║  API  : /api/v1                             ║[39m
[32m    ╚══════════════════════════════════════════════╝[39m
[32m    [39m
[2026-04-09 11:59:09] [32minfo[39m: [32mMongoDB Connected: rohan-shard-00-00.e8ba9.mongodb.net[39m
[2026-04-09 11:59:09] [32minfo[39m: [32m[39m
[32m       India Quiz API Started[39m
[32m       ENV  : development                         [39m
[32m       PORT : 8080                                [39m
[32m       API  : /api/v1                             [39m
[32m    [39m
[2026-04-09 11:59:35] [32minfo[39m: [32mMongoDB Connected: rohan-shard-00-01.e8ba9.mongodb.net[39m
[2026-04-09 11:59:35] [32minfo[39m: [32m[39m
[32m       India Quiz API Started[39m
[32m       ENV  : development                         [39m
[32m       PORT : 8080                                [39m
[32m       API  : /api/v1                             [39m
[32m    [39m
[2026-04-09 12:43:58] [33mwarn[39m: [33mMongoDB disconnected. Attempting reconnect...[39m
[2026-04-09 12:59:57] [33mwarn[39m: [33mMongoDB disconnected. Attempting reconnect...[39m
[2026-04-09 13:34:14] [33mwarn[39m: [33mMongoDB disconnected. Attempting reconnect...[39m
[2026-04-09 14:35:01] [33mwarn[39m: [33m[39m
[33mSIGINT received. Shutting down gracefully...[39m
[2026-04-09 14:35:01] [33mwarn[39m: [33mMongoDB disconnected. Attempting reconnect...[39m
[2026-04-09 14:35:52] [32minfo[39m: [32mMongoDB Connected: rohan-shard-00-02.e8ba9.mongodb.net[39m
[2026-04-09 14:35:52] [32minfo[39m: [32m[39m
[32m       India Quiz API Started[39m
[32m       ENV  : development                         [39m
[32m       PORT : 8000                                [39m
[32m       API  : /api/v1                             [39m
[32m    [39m
[2026-04-09 14:38:43] [31merror[39m: Error: Invalid email or password
    at Object.login (/Users/rohankandalkar/newReparv/bharat-quiz/backend/src/services/auth.service.ts:64:22)
    at process.processTicksAndRejections (node:internal/process/task_queues:105:5)
    at async login (/Users/rohankandalkar/newReparv/bharat-quiz/backend/src/controllers/auth.controller.ts:32:22)
[2026-04-09 14:38:56] [31merror[39m: Error: Invalid email or password
    at Object.login (/Users/rohankandalkar/newReparv/bharat-quiz/backend/src/services/auth.service.ts:64:22)
    at process.processTicksAndRejections (node:internal/process/task_queues:105:5)
    at async login (/Users/rohankandalkar/newReparv/bharat-quiz/backend/src/controllers/auth.controller.ts:32:22)
[2026-04-09 14:43:31] [31merror[39m: Error: Invalid email or password
    at Object.login (/Users/rohankandalkar/newReparv/bharat-quiz/backend/src/services/auth.service.ts:64:22)
    at process.processTicksAndRejections (node:internal/process/task_queues:105:5)
    at async login (/Users/rohankandalkar/newReparv/bharat-quiz/backend/src/controllers/auth.controller.ts:32:22)
[2026-04-09 14:43:33] [31merror[39m: Error: Invalid email or password
    at Object.login (/Users/rohankandalkar/newReparv/bharat-quiz/backend/src/services/auth.service.ts:64:22)
    at process.processTicksAndRejections (node:internal/process/task_queues:105:5)
    at async login (/Users/rohankandalkar/newReparv/bharat-quiz/backend/src/controllers/auth.controller.ts:32:22)
[2026-04-09 14:45:53] [31merror[39m: Error: Invalid email or password
    at Object.login (/Users/rohankandalkar/newReparv/bharat-quiz/backend/src/services/auth.service.ts:64:22)
    at process.processTicksAndRejections (node:internal/process/task_queues:105:5)
    at async login (/Users/rohankandalkar/newReparv/bharat-quiz/backend/src/controllers/auth.controller.ts:32:22)
[2026-04-09 14:45:54] [31merror[39m: Error: Invalid email or password
    at Object.login (/Users/rohankandalkar/newReparv/bharat-quiz/backend/src/services/auth.service.ts:64:22)
    at process.processTicksAndRejections (node:internal/process/task_queues:105:5)
    at async login (/Users/rohankandalkar/newReparv/bharat-quiz/backend/src/controllers/auth.controller.ts:32:22)
[2026-04-09 14:45:55] [31merror[39m: Error: Invalid email or password
    at Object.login (/Users/rohankandalkar/newReparv/bharat-quiz/backend/src/services/auth.service.ts:64:22)
    at process.processTicksAndRejections (node:internal/process/task_queues:105:5)
    at async login (/Users/rohankandalkar/newReparv/bharat-quiz/backend/src/controllers/auth.controller.ts:32:22)
[2026-04-09 14:47:22] [32minfo[39m: [32mMongoDB Connected: rohan-shard-00-02.e8ba9.mongodb.net[39m
[2026-04-09 14:47:22] [32minfo[39m: [32m[39m
[32m       India Quiz API Started[39m
[32m       ENV  : development                         [39m
[32m       PORT : 8000                                [39m
[32m       API  : /api/v1                             [39m
[32m    [39m
[2026-04-09 14:47:27] [32minfo[39m: [32mMongoDB Connected: rohan-shard-00-01.e8ba9.mongodb.net[39m
[2026-04-09 14:47:27] [32minfo[39m: [32m[39m
[32m       India Quiz API Started[39m
[32m       ENV  : development                         [39m
[32m       PORT : 8000                                [39m
[32m       API  : /api/v1                             [39m
[32m    [39m
[2026-04-09 14:47:55] [31merror[39m: Error: Invalid Email
    at Object.login (/Users/rohankandalkar/newReparv/bharat-quiz/backend/src/services/auth.service.ts:64:22)
    at process.processTicksAndRejections (node:internal/process/task_queues:105:5)
    at async login (/Users/rohankandalkar/newReparv/bharat-quiz/backend/src/controllers/auth.controller.ts:32:22)
[2026-04-09 14:52:04] [32minfo[39m: [32mMongoDB Connected: rohan-shard-00-00.e8ba9.mongodb.net[39m
[2026-04-09 14:52:04] [32minfo[39m: [32m[39m
[32m       India Quiz API Started[39m
[32m       ENV  : development                         [39m
[32m       PORT : 8000                                [39m
[32m       API  : /api/v1                             [39m
[32m    [39m
[2026-04-09 14:52:05] [31merror[39m: Error: Invalid Email
    at Object.login (/Users/rohankandalkar/newReparv/bharat-quiz/backend/src/services/auth.service.ts:64:22)
    at process.processTicksAndRejections (node:internal/process/task_queues:105:5)
    at async login (/Users/rohankandalkar/newReparv/bharat-quiz/backend/src/controllers/auth.controller.ts:32:22)
[2026-04-09 14:52:32] [31merror[39m: Error: Invalid Email
    at Object.login (/Users/rohankandalkar/newReparv/bharat-quiz/backend/src/services/auth.service.ts:64:22)
    at process.processTicksAndRejections (node:internal/process/task_queues:105:5)
    at async login (/Users/rohankandalkar/newReparv/bharat-quiz/backend/src/controllers/auth.controller.ts:32:22)
[2026-04-09 14:52:48] [32minfo[39m: [32mMongoDB Connected: rohan-shard-00-00.e8ba9.mongodb.net[39m
[2026-04-09 14:52:48] [32minfo[39m: [32m[39m
[32m       India Quiz API Started[39m
[32m       ENV  : development                         [39m
[32m       PORT : 8000                                [39m
[32m       API  : /api/v1                             [39m
[32m    [39m
[2026-04-09 14:52:57] [32minfo[39m: [32mMongoDB Connected: rohan-shard-00-01.e8ba9.mongodb.net[39m
[2026-04-09 14:52:57] [32minfo[39m: [32m[39m
[32m       India Quiz API Started[39m
[32m       ENV  : development                         [39m
[32m       PORT : 8000                                [39m
[32m       API  : /api/v1                             [39m
[32m    [39m
[2026-04-09 14:52:57] [31merror[39m: Error: Invalid Email
    at Object.login (/Users/rohankandalkar/newReparv/bharat-quiz/backend/src/services/auth.service.ts:64:22)
    at process.processTicksAndRejections (node:internal/process/task_queues:105:5)
    at async login (/Users/rohankandalkar/newReparv/bharat-quiz/backend/src/controllers/auth.controller.ts:32:22)
[2026-04-09 14:53:11] [32minfo[39m: [32mMongoDB Connected: rohan-shard-00-02.e8ba9.mongodb.net[39m
[2026-04-09 14:53:11] [32minfo[39m: [32m[39m
[32m       India Quiz API Started[39m
[32m       ENV  : development                         [39m
[32m       PORT : 8000                                [39m
[32m       API  : /api/v1                             [39m
[32m    [39m
[2026-04-09 14:54:14] [32minfo[39m: [32mMongoDB Connected: rohan-shard-00-02.e8ba9.mongodb.net[39m
[2026-04-09 14:54:14] [32minfo[39m: [32m[39m
[32m       India Quiz API Started[39m
[32m       ENV  : development                         [39m
[32m       PORT : 8000                                [39m
[32m       API  : /api/v1                             [39m
[32m    [39m
[2026-04-09 14:56:43] [32minfo[39m: [32mMongoDB Connected: rohan-shard-00-02.e8ba9.mongodb.net[39m
[2026-04-09 14:56:43] [32minfo[39m: [32m[39m
[32m       India Quiz API Started[39m
[32m       ENV  : development                         [39m
[32m       PORT : 8000                                [39m
[32m       API  : /api/v1                             [39m
[32m    [39m
[2026-04-09 14:56:52] [32minfo[39m: [32mMongoDB Connected: rohan-shard-00-01.e8ba9.mongodb.net[39m
[2026-04-09 14:56:52] [32minfo[39m: [32m[39m
[32m       India Quiz API Started[39m
[32m       ENV  : development                         [39m
[32m       PORT : 8000                                [39m
[32m       API  : /api/v1                             [39m
[32m    [39m
[2026-04-09 15:01:15] [31merror[39m: Error: Invalid Email
    at Object.login (/Users/rohankandalkar/newReparv/bharat-quiz/backend/src/services/auth.service.ts:64:22)
    at process.processTicksAndRejections (node:internal/process/task_queues:105:5)
    at async login (/Users/rohankandalkar/newReparv/bharat-quiz/backend/src/controllers/auth.controller.ts:32:22)
[2026-04-09 15:01:24] [31merror[39m: Error: Invalid Email
    at Object.login (/Users/rohankandalkar/newReparv/bharat-quiz/backend/src/services/auth.service.ts:64:22)
    at process.processTicksAndRejections (node:internal/process/task_queues:105:5)
    at async login (/Users/rohankandalkar/newReparv/bharat-quiz/backend/src/controllers/auth.controller.ts:32:22)
[2026-04-09 15:01:34] [31merror[39m: Error: Invalid Email
    at Object.login (/Users/rohankandalkar/newReparv/bharat-quiz/backend/src/services/auth.service.ts:64:22)
    at process.processTicksAndRejections (node:internal/process/task_queues:105:5)
    at async login (/Users/rohankandalkar/newReparv/bharat-quiz/backend/src/controllers/auth.controller.ts:32:22)
[2026-04-09 15:02:22] [32minfo[39m: [32mMongoDB Connected: rohan-shard-00-02.e8ba9.mongodb.net[39m
[2026-04-09 15:02:22] [32minfo[39m: [32m[39m
[32m       India Quiz API Started[39m
[32m       ENV  : development                         [39m
[32m       PORT : 8000                                [39m
[32m       API  : /api/v1                             [39m
[32m    [39m
[2026-04-09 15:02:34] [32minfo[39m: [32mMongoDB Connected: rohan-shard-00-00.e8ba9.mongodb.net[39m
[2026-04-09 15:02:34] [32minfo[39m: [32m[39m
[32m       India Quiz API Started[39m
[32m       ENV  : development                         [39m
[32m       PORT : 8000                                [39m
[32m       API  : /api/v1                             [39m
[32m    [39m
[2026-04-09 15:03:58] [31merror[39m: Error: Account Not Found on This Email!
    at Object.login (/Users/rohankandalkar/newReparv/bharat-quiz/backend/src/services/auth.service.ts:64:22)
    at process.processTicksAndRejections (node:internal/process/task_queues:105:5)
    at async login (/Users/rohankandalkar/newReparv/bharat-quiz/backend/src/controllers/auth.controller.ts:32:22)
[2026-04-09 15:04:21] [31merror[39m: Error: Account Not Found on This Email!
    at Object.login (/Users/rohankandalkar/newReparv/bharat-quiz/backend/src/services/auth.service.ts:64:22)
    at process.processTicksAndRejections (node:internal/process/task_queues:105:5)
    at async login (/Users/rohankandalkar/newReparv/bharat-quiz/backend/src/controllers/auth.controller.ts:32:22)
[2026-04-09 15:05:07] [31merror[39m: Error: Account Not Found on This Email!
    at Object.login (/Users/rohankandalkar/newReparv/bharat-quiz/backend/src/services/auth.service.ts:64:22)
    at process.processTicksAndRejections (node:internal/process/task_queues:105:5)
    at async login (/Users/rohankandalkar/newReparv/bharat-quiz/backend/src/controllers/auth.controller.ts:32:22)
[2026-04-09 15:05:38] [31merror[39m: Error: Account Not Found on This Email!
    at Object.login (/Users/rohankandalkar/newReparv/bharat-quiz/backend/src/services/auth.service.ts:64:22)
    at process.processTicksAndRejections (node:internal/process/task_queues:105:5)
    at async login (/Users/rohankandalkar/newReparv/bharat-quiz/backend/src/controllers/auth.controller.ts:32:22)
[2026-04-09 15:08:35] [32minfo[39m: [32mMongoDB Connected: rohan-shard-00-00.e8ba9.mongodb.net[39m
[2026-04-09 15:08:35] [32minfo[39m: [32m[39m
[32m       India Quiz API Started[39m
[32m       ENV  : development                         [39m
[32m       PORT : 8000                                [39m
[32m       API  : /api/v1                             [39m
[32m    [39m
[2026-04-09 15:08:48] [32minfo[39m: [32mMongoDB Connected: rohan-shard-00-01.e8ba9.mongodb.net[39m
[2026-04-09 15:08:48] [32minfo[39m: [32m[39m
[32m       India Quiz API Started[39m
[32m       ENV  : development                         [39m
[32m       PORT : 8000                                [39m
[32m       API  : /api/v1                             [39m
[32m    [39m
[2026-04-09 15:09:08] [31merror[39m: Error: Account Not Found on This Email !
    at Object.login (/Users/rohankandalkar/newReparv/bharat-quiz/backend/src/services/auth.service.ts:64:22)
    at process.processTicksAndRejections (node:internal/process/task_queues:105:5)
    at async login (/Users/rohankandalkar/newReparv/bharat-quiz/backend/src/controllers/auth.controller.ts:32:22)
[2026-04-09 15:13:20] [31merror[39m: Error: Account Not Found on This Email !
    at Object.login (/Users/rohankandalkar/newReparv/bharat-quiz/backend/src/services/auth.service.ts:64:22)
    at process.processTicksAndRejections (node:internal/process/task_queues:105:5)
    at async login (/Users/rohankandalkar/newReparv/bharat-quiz/backend/src/controllers/auth.controller.ts:32:22)
[2026-04-09 15:24:06] [32minfo[39m: [32mMongoDB Connected: rohan-shard-00-02.e8ba9.mongodb.net[39m
[2026-04-09 15:24:06] [32minfo[39m: [32m[39m
[32m       India Quiz API Started[39m
[32m       ENV  : development                         [39m
[32m       PORT : 8000                                [39m
[32m       API  : /api/v1                             [39m
[32m    [39m
[2026-04-09 15:24:33] [32minfo[39m: [32mMongoDB Connected: rohan-shard-00-02.e8ba9.mongodb.net[39m
[2026-04-09 15:24:33] [32minfo[39m: [32m[39m
[32m       India Quiz API Started[39m
[32m       ENV  : development                         [39m
[32m       PORT : 8000                                [39m
[32m       API  : /api/v1                             [39m
[32m    [39m
[2026-04-09 15:26:04] [32minfo[39m: [32mMongoDB Connected: rohan-shard-00-00.e8ba9.mongodb.net[39m
[2026-04-09 15:26:04] [32minfo[39m: [32m[39m
[32m       India Quiz API Started[39m
[32m       ENV  : development                         [39m
[32m       PORT : 8000                                [39m
[32m       API  : /api/v1                             [39m
[32m    [39m
[2026-04-09 15:26:19] [33mwarn[39m: [33m[39m
[33mSIGINT received. Shutting down gracefully...[39m
[2026-04-09 15:26:24] [32minfo[39m: [32mMongoDB Connected: rohan-shard-00-01.e8ba9.mongodb.net[39m
[2026-04-09 15:26:24] [32minfo[39m: [32m[39m
[32m       India Quiz API Started[39m
[32m       ENV  : development                         [39m
[32m       PORT : 8000                                [39m
[32m       API  : /api/v1                             [39m
[32m    [39m
[2026-04-09 15:26:55] [31merror[39m: Error: Account Not Found on This Email !
    at Object.login (/Users/rohankandalkar/newReparv/bharat-quiz/backend/src/services/auth.service.ts:64:22)
    at process.processTicksAndRejections (node:internal/process/task_queues:105:5)
    at async login (/Users/rohankandalkar/newReparv/bharat-quiz/backend/src/controllers/auth.controller.ts:32:22)
[2026-04-09 15:35:17] [32minfo[39m: [32mMongoDB Connected: rohan-shard-00-00.e8ba9.mongodb.net[39m
[2026-04-09 15:35:17] [32minfo[39m: [32m[39m
[32m       India Quiz API Started[39m
[32m       ENV  : development                         [39m
[32m       PORT : 8000                                [39m
[32m       API  : /api/v1                             [39m
[32m    [39m
[2026-04-09 15:38:33] [31merror[39m: Error: Account Not Found on This Email !
    at Object.login (/Users/rohankandalkar/newReparv/bharat-quiz/backend/src/services/auth.service.ts:64:22)
    at process.processTicksAndRejections (node:internal/process/task_queues:105:5)
    at async login (/Users/rohankandalkar/newReparv/bharat-quiz/backend/src/controllers/auth.controller.ts:32:22)
[2026-04-09 15:39:21] [32minfo[39m: [32mMongoDB Connected: rohan-shard-00-02.e8ba9.mongodb.net[39m
[2026-04-09 15:39:21] [32minfo[39m: [32m[39m
[32m       India Quiz API Started[39m
[32m       ENV  : development                         [39m
[32m       PORT : 8000                                [39m
[32m       API  : /api/v1                             [39m
[32m    [39m
[2026-04-09 15:39:38] [32minfo[39m: [32mMongoDB Connected: rohan-shard-00-00.e8ba9.mongodb.net[39m
[2026-04-09 15:39:38] [32minfo[39m: [32m[39m
[32m       India Quiz API Started[39m
[32m       ENV  : development                         [39m
[32m       PORT : 8000                                [39m
[32m       API  : /api/v1                             [39m
[32m    [39m
[2026-04-09 15:39:51] [32minfo[39m: [32mMongoDB Connected: rohan-shard-00-01.e8ba9.mongodb.net[39m
[2026-04-09 15:39:51] [32minfo[39m: [32m[39m
[32m       India Quiz API Started[39m
[32m       ENV  : development                         [39m
[32m       PORT : 8000                                [39m
[32m       API  : /api/v1                             [39m
[32m    [39m
[2026-04-09 15:41:19] [31merror[39m: Error: Account Not Found on This Email !
    at Object.login (/Users/rohankandalkar/newReparv/bharat-quiz/backend/src/services/auth.service.ts:64:22)
    at process.processTicksAndRejections (node:internal/process/task_queues:105:5)
    at async login (/Users/rohankandalkar/newReparv/bharat-quiz/backend/src/controllers/auth.controller.ts:32:22)
[2026-04-09 15:53:26] [33mwarn[39m: [33mMongoDB disconnected. Attempting reconnect...[39m
[2026-04-09 16:09:13] [33mwarn[39m: [33mMongoDB disconnected. Attempting reconnect...[39m
[2026-04-09 16:19:17] [33mwarn[39m: [33mMongoDB disconnected. Attempting reconnect...[39m
[2026-04-09 16:20:42] [33mwarn[39m: [33mMongoDB disconnected. Attempting reconnect...[39m
[2026-04-09 16:28:12] [33mwarn[39m: [33mMongoDB disconnected. Attempting reconnect...[39m
[2026-04-09 16:44:34] [33mwarn[39m: [33mMongoDB disconnected. Attempting reconnect...[39m
[2026-04-09 16:54:10] [33mwarn[39m: [33mMongoDB disconnected. Attempting reconnect...[39m
[2026-04-09 16:58:13] [33mwarn[39m: [33mMongoDB disconnected. Attempting reconnect...[39m
[2026-04-09 17:11:24] [32minfo[39m: [32mMongoDB Connected: rohan-shard-00-01.e8ba9.mongodb.net[39m
[2026-04-09 17:11:24] [32minfo[39m: [32m[39m
[32m       India Quiz API Started[39m
[32m       ENV  : development                         [39m
[32m       PORT : 8000                                [39m
[32m       API  : /api/v1                             [39m
[32m    [39m
[2026-04-09 17:18:25] [32minfo[39m: [32mMongoDB Connected: rohan-shard-00-01.e8ba9.mongodb.net[39m
[2026-04-09 17:18:25] [32minfo[39m: [32m[39m
[32m       India Quiz API Started[39m
[32m       ENV  : development                         [39m
[32m       PORT : 8000                                [39m
[32m       API  : /api/v1                             [39m
[32m    [39m
[2026-04-09 17:18:50] [32minfo[39m: [32mMongoDB Connected: rohan-shard-00-02.e8ba9.mongodb.net[39m
[2026-04-09 17:18:50] [32minfo[39m: [32m[39m
[32m       India Quiz API Started[39m
[32m       ENV  : development                         [39m
[32m       PORT : 8000                                [39m
[32m       API  : /api/v1                             [39m
[32m    [39m
[2026-04-09 17:19:16] [32minfo[39m: [32mMongoDB Connected: rohan-shard-00-00.e8ba9.mongodb.net[39m
[2026-04-09 17:19:16] [32minfo[39m: [32m[39m
[32m       India Quiz API Started[39m
[32m       ENV  : development                         [39m
[32m       PORT : 8000                                [39m
[32m       API  : /api/v1                             [39m
[32m    [39m
[2026-04-09 17:20:24] [32minfo[39m: [32mMongoDB Connected: rohan-shard-00-00.e8ba9.mongodb.net[39m
[2026-04-09 17:20:24] [32minfo[39m: [32m[39m
[32m       India Quiz API Started[39m
[32m       ENV  : development                         [39m
[32m       PORT : 8000                                [39m
[32m       API  : /api/v1                             [39m
[32m    [39m
[2026-04-09 17:37:55] [32minfo[39m: [32mMongoDB Connected: rohan-shard-00-01.e8ba9.mongodb.net[39m
[2026-04-09 17:37:55] [32minfo[39m: [32m[39m
[32m       India Quiz API Started[39m
[32m       ENV  : development                         [39m
[32m       PORT : 8000                                [39m
[32m       API  : /api/v1                             [39m
[32m    [39m
[2026-04-09 17:39:21] [32minfo[39m: [32mMongoDB Connected: rohan-shard-00-01.e8ba9.mongodb.net[39m
[2026-04-09 17:39:21] [32minfo[39m: [32m[39m
[32m       India Quiz API Started[39m
[32m       ENV  : development                         [39m
[32m       PORT : 8000                                [39m
[32m       API  : /api/v1                             [39m
[32m    [39m
[2026-04-09 17:41:19] [32minfo[39m: [32mMongoDB Connected: rohan-shard-00-00.e8ba9.mongodb.net[39m
[2026-04-09 17:41:19] [32minfo[39m: [32m[39m
[32m       India Quiz API Started[39m
[32m       ENV  : development                         [39m
[32m       PORT : 8000                                [39m
[32m       API  : /api/v1                             [39m
[32m    [39m
[2026-04-09 17:43:08] [32minfo[39m: [32mMongoDB Connected: rohan-shard-00-00.e8ba9.mongodb.net[39m
[2026-04-09 17:43:08] [32minfo[39m: [32m[39m
[32m       India Quiz API Started[39m
[32m       ENV  : development                         [39m
[32m       PORT : 8000                                [39m
[32m       API  : /api/v1                             [39m
[32m    [39m
[2026-04-09 17:44:13] [32minfo[39m: [32mMongoDB Connected: rohan-shard-00-01.e8ba9.mongodb.net[39m
[2026-04-09 17:44:13] [32minfo[39m: [32m[39m
[32m       India Quiz API Started[39m
[32m       ENV  : development                         [39m
[32m       PORT : 8000                                [39m
[32m       API  : /api/v1                             [39m
[32m    [39m
[2026-04-09 17:44:45] [32minfo[39m: [32mMongoDB Connected: rohan-shard-00-00.e8ba9.mongodb.net[39m
[2026-04-09 17:44:45] [32minfo[39m: [32m[39m
[32m       India Quiz API Started[39m
[32m       ENV  : development                         [39m
[32m       PORT : 8000                                [39m
[32m       API  : /api/v1                             [39m
[32m    [39m
[2026-04-09 18:05:21] [33mwarn[39m: [33mMongoDB disconnected. Attempting reconnect...[39m
[2026-04-09 18:07:35] [32minfo[39m: [32mMongoDB Connected: rohan-shard-00-01.e8ba9.mongodb.net[39m
[2026-04-09 18:07:35] [32minfo[39m: [32m[39m
[32m       India Quiz API Started[39m
[32m       ENV  : development                         [39m
[32m       PORT : 8000                                [39m
[32m       API  : /api/v1                             [39m
[32m    [39m
[2026-04-09 18:09:08] [32minfo[39m: [32mMongoDB Connected: rohan-shard-00-01.e8ba9.mongodb.net[39m
[2026-04-09 18:09:08] [32minfo[39m: [32m[39m
[32m       India Quiz API Started[39m
[32m       ENV  : development                         [39m
[32m       PORT : 8000                                [39m
[32m       API  : /api/v1                             [39m
[32m    [39m
[2026-04-09 18:19:45] [33mwarn[39m: [33mMongoDB disconnected. Attempting reconnect...[39m
[2026-04-09 18:28:07] [33mwarn[39m: [33mMongoDB disconnected. Attempting reconnect...[39m
[2026-04-09 18:32:23] [33mwarn[39m: [33mMongoDB disconnected. Attempting reconnect...[39m
[2026-04-09 18:42:02] [33mwarn[39m: [33mMongoDB disconnected. Attempting reconnect...[39m
[2026-04-09 18:48:18] [33mwarn[39m: [33mMongoDB disconnected. Attempting reconnect...[39m
[2026-04-09 18:49:39] [33mwarn[39m: [33mMongoDB disconnected. Attempting reconnect...[39m
[2026-04-09 19:02:58] [33mwarn[39m: [33mMongoDB disconnected. Attempting reconnect...[39m
[2026-04-09 19:05:02] [33mwarn[39m: [33mMongoDB disconnected. Attempting reconnect...[39m
[2026-04-09 22:29:34] [33mwarn[39m: [33mMongoDB disconnected. Attempting reconnect...[39m
[2026-04-09 22:39:13] [33mwarn[39m: [33m[39m
[33mSIGINT received. Shutting down gracefully...[39m
[2026-04-09 22:39:14] [33mwarn[39m: [33mMongoDB disconnected. Attempting reconnect...[39m
