[2026-04-08 17:49:20] [31merror[39m: ReferenceError: j is not defined
    at <anonymous> (/Users/rohankandalkar/newReparv/bharat-quiz/backend/src/controllers/quiz.controller.ts:4:56)
    at ModuleJob.run (node:internal/modules/esm/module_job:272:25)
    at async onImport.tracePromise.__proto__ (node:internal/modules/esm/loader:583:26)
    at async asyncRunEntryPointWithESMLoader (node:internal/modules/run_main:98:5)
[2026-04-08 17:49:34] [31merror[39m: ReferenceError: j is not defined
    at <anonymous> (/Users/rohankandalkar/newReparv/bharat-quiz/backend/src/controllers/quiz.controller.ts:4:56)
    at ModuleJob.run (node:internal/modules/esm/module_job:272:25)
    at async onImport.tracePromise.__proto__ (node:internal/modules/esm/loader:583:26)
    at async asyncRunEntryPointWithESMLoader (node:internal/modules/run_main:98:5)
[2026-04-08 17:49:45] [31merror[39m: ReferenceError: j is not defined
    at <anonymous> (/Users/rohankandalkar/newReparv/bharat-quiz/backend/src/controllers/quiz.controller.ts:4:56)
    at ModuleJob.run (node:internal/modules/esm/module_job:272:25)
    at async onImport.tracePromise.__proto__ (node:internal/modules/esm/loader:583:26)
    at async asyncRunEntryPointWithESMLoader (node:internal/modules/run_main:98:5)
[2026-04-08 17:49:53] [31merror[39m: ReferenceError: j is not defined
    at <anonymous> (/Users/rohankandalkar/newReparv/bharat-quiz/backend/src/controllers/quiz.controller.ts:4:56)
    at ModuleJob.run (node:internal/modules/esm/module_job:272:25)
    at async onImport.tracePromise.__proto__ (node:internal/modules/esm/loader:583:26)
    at async asyncRunEntryPointWithESMLoader (node:internal/modules/run_main:98:5)
[2026-04-08 17:50:00] [31merror[39m: ReferenceError: j is not defined
    at <anonymous> (/Users/rohankandalkar/newReparv/bharat-quiz/backend/src/controllers/quiz.controller.ts:4:56)
    at ModuleJob.run (node:internal/modules/esm/module_job:272:25)
    at async onImport.tracePromise.__proto__ (node:internal/modules/esm/loader:583:26)
    at async asyncRunEntryPointWithESMLoader (node:internal/modules/run_main:98:5)
[2026-04-08 17:50:03] [31merror[39m: ReferenceError: j is not defined
    at <anonymous> (/Users/rohankandalkar/newReparv/bharat-quiz/backend/src/controllers/quiz.controller.ts:4:56)
    at ModuleJob.run (node:internal/modules/esm/module_job:272:25)
    at async onImport.tracePromise.__proto__ (node:internal/modules/esm/loader:583:26)
    at async asyncRunEntryPointWithESMLoader (node:internal/modules/run_main:98:5)
[2026-04-08 17:50:07] [31merror[39m: ReferenceError: j is not defined
    at <anonymous> (/Users/rohankandalkar/newReparv/bharat-quiz/backend/src/controllers/quiz.controller.ts:4:56)
    at ModuleJob.run (node:internal/modules/esm/module_job:272:25)
    at async onImport.tracePromise.__proto__ (node:internal/modules/esm/loader:583:26)
    at async asyncRunEntryPointWithESMLoader (node:internal/modules/run_main:98:5)
[2026-04-08 17:51:12] [31merror[39m: ReferenceError: j is not defined
    at <anonymous> (/Users/rohankandalkar/newReparv/bharat-quiz/backend/src/controllers/quiz.controller.ts:4:56)
    at ModuleJob.run (node:internal/modules/esm/module_job:272:25)
    at async onImport.tracePromise.__proto__ (node:internal/modules/esm/loader:583:26)
    at async asyncRunEntryPointWithESMLoader (node:internal/modules/run_main:98:5)
[2026-04-08 17:51:37] [31merror[39m: ReferenceError: j is not defined
    at <anonymous> (/Users/rohankandalkar/newReparv/bharat-quiz/backend/src/controllers/quiz.controller.ts:4:56)
    at ModuleJob.run (node:internal/modules/esm/module_job:272:25)
    at async onImport.tracePromise.__proto__ (node:internal/modules/esm/loader:583:26)
    at async asyncRunEntryPointWithESMLoader (node:internal/modules/run_main:98:5)
[2026-04-08 17:51:53] [31merror[39m: ReferenceError: j is not defined
    at <anonymous> (/Users/rohankandalkar/newReparv/bharat-quiz/backend/src/controllers/quiz.controller.ts:4:56)
    at ModuleJob.run (node:internal/modules/esm/module_job:272:25)
    at async onImport.tracePromise.__proto__ (node:internal/modules/esm/loader:583:26)
    at async asyncRunEntryPointWithESMLoader (node:internal/modules/run_main:98:5)
[2026-04-08 17:52:20] [31merror[39m: ReferenceError: j is not defined
    at <anonymous> (/Users/rohankandalkar/newReparv/bharat-quiz/backend/src/controllers/quiz.controller.ts:4:56)
    at ModuleJob.run (node:internal/modules/esm/module_job:272:25)
    at async onImport.tracePromise.__proto__ (node:internal/modules/esm/loader:583:26)
    at async asyncRunEntryPointWithESMLoader (node:internal/modules/run_main:98:5)
[2026-04-08 17:52:33] [31merror[39m: ReferenceError: j is not defined
    at <anonymous> (/Users/rohankandalkar/newReparv/bharat-quiz/backend/src/controllers/quiz.controller.ts:4:56)
    at ModuleJob.run (node:internal/modules/esm/module_job:272:25)
    at async onImport.tracePromise.__proto__ (node:internal/modules/esm/loader:583:26)
    at async asyncRunEntryPointWithESMLoader (node:internal/modules/run_main:98:5)
[2026-04-08 17:52:46] [31merror[39m: ReferenceError: j is not defined
    at <anonymous> (/Users/rohankandalkar/newReparv/bharat-quiz/backend/src/controllers/quiz.controller.ts:4:56)
    at ModuleJob.run (node:internal/modules/esm/module_job:272:25)
    at async onImport.tracePromise.__proto__ (node:internal/modules/esm/loader:583:26)
    at async asyncRunEntryPointWithESMLoader (node:internal/modules/run_main:98:5)
[2026-04-08 17:53:02] [31merror[39m: ReferenceError: j is not defined
    at <anonymous> (/Users/rohankandalkar/newReparv/bharat-quiz/backend/src/controllers/quiz.controller.ts:4:56)
    at ModuleJob.run (node:internal/modules/esm/module_job:272:25)
    at async onImport.tracePromise.__proto__ (node:internal/modules/esm/loader:583:26)
    at async asyncRunEntryPointWithESMLoader (node:internal/modules/run_main:98:5)
[2026-04-08 17:53:22] [31merror[39m: ReferenceError: j is not defined
    at <anonymous> (/Users/rohankandalkar/newReparv/bharat-quiz/backend/src/controllers/quiz.controller.ts:4:56)
    at ModuleJob.run (node:internal/modules/esm/module_job:272:25)
    at async onImport.tracePromise.__proto__ (node:internal/modules/esm/loader:583:26)
    at async asyncRunEntryPointWithESMLoader (node:internal/modules/run_main:98:5)
[2026-04-08 17:54:06] [31merror[39m: ReferenceError: j is not defined
    at <anonymous> (/Users/rohankandalkar/newReparv/bharat-quiz/backend/src/controllers/quiz.controller.ts:4:56)
    at ModuleJob.run (node:internal/modules/esm/module_job:272:25)
    at async onImport.tracePromise.__proto__ (node:internal/modules/esm/loader:583:26)
    at async asyncRunEntryPointWithESMLoader (node:internal/modules/run_main:98:5)
[2026-04-08 17:54:09] [31merror[39m: ReferenceError: j is not defined
    at <anonymous> (/Users/rohankandalkar/newReparv/bharat-quiz/backend/src/controllers/quiz.controller.ts:4:56)
    at ModuleJob.run (node:internal/modules/esm/module_job:272:25)
    at async onImport.tracePromise.__proto__ (node:internal/modules/esm/loader:583:26)
    at async asyncRunEntryPointWithESMLoader (node:internal/modules/run_main:98:5)
[2026-04-08 17:54:13] [31merror[39m: ReferenceError: j is not defined
    at <anonymous> (/Users/rohankandalkar/newReparv/bharat-quiz/backend/src/controllers/quiz.controller.ts:4:56)
    at ModuleJob.run (node:internal/modules/esm/module_job:272:25)
    at async onImport.tracePromise.__proto__ (node:internal/modules/esm/loader:583:26)
    at async asyncRunEntryPointWithESMLoader (node:internal/modules/run_main:98:5)
[2026-04-08 17:54:22] [31merror[39m: ReferenceError: j is not defined
    at <anonymous> (/Users/rohankandalkar/newReparv/bharat-quiz/backend/src/controllers/quiz.controller.ts:4:56)
    at ModuleJob.run (node:internal/modules/esm/module_job:272:25)
    at async onImport.tracePromise.__proto__ (node:internal/modules/esm/loader:583:26)
    at async asyncRunEntryPointWithESMLoader (node:internal/modules/run_main:98:5)
[2026-04-08 17:54:35] [31merror[39m: ReferenceError: j is not defined
    at <anonymous> (/Users/rohankandalkar/newReparv/bharat-quiz/backend/src/controllers/quiz.controller.ts:4:56)
    at ModuleJob.run (node:internal/modules/esm/module_job:272:25)
    at async onImport.tracePromise.__proto__ (node:internal/modules/esm/loader:583:26)
    at async asyncRunEntryPointWithESMLoader (node:internal/modules/run_main:98:5)
[2026-04-08 17:55:13] [31merror[39m: ReferenceError: j is not defined
    at <anonymous> (/Users/rohankandalkar/newReparv/bharat-quiz/backend/src/controllers/quiz.controller.ts:4:56)
    at ModuleJob.run (node:internal/modules/esm/module_job:272:25)
    at async onImport.tracePromise.__proto__ (node:internal/modules/esm/loader:583:26)
    at async asyncRunEntryPointWithESMLoader (node:internal/modules/run_main:98:5)
[2026-04-08 19:33:53] [31merror[39m: ReferenceError: j is not defined
    at <anonymous> (/Users/rohankandalkar/newReparv/bharat-quiz/backend/src/controllers/quiz.controller.ts:4:56)
    at ModuleJob.run (node:internal/modules/esm/module_job:272:25)
    at async onImport.tracePromise.__proto__ (node:internal/modules/esm/loader:583:26)
    at async asyncRunEntryPointWithESMLoader (node:internal/modules/run_main:98:5)
[2026-04-08 19:35:22] [31merror[39m: ReferenceError: j is not defined
    at <anonymous> (/Users/rohankandalkar/newReparv/bharat-quiz/backend/src/controllers/quiz.controller.ts:4:56)
    at ModuleJob.run (node:internal/modules/esm/module_job:272:25)
    at async onImport.tracePromise.__proto__ (node:internal/modules/esm/loader:583:26)
    at async asyncRunEntryPointWithESMLoader (node:internal/modules/run_main:98:5)
[2026-04-08 19:36:39] [31merror[39m: ReferenceError: j is not defined
    at <anonymous> (/Users/rohankandalkar/newReparv/bharat-quiz/backend/src/controllers/quiz.controller.ts:4:56)
    at ModuleJob.run (node:internal/modules/esm/module_job:272:25)
    at async onImport.tracePromise.__proto__ (node:internal/modules/esm/loader:583:26)
    at async asyncRunEntryPointWithESMLoader (node:internal/modules/run_main:98:5)
[2026-04-08 19:36:48] [31merror[39m: ReferenceError: j is not defined
    at <anonymous> (/Users/rohankandalkar/newReparv/bharat-quiz/backend/src/controllers/quiz.controller.ts:4:56)
    at ModuleJob.run (node:internal/modules/esm/module_job:272:25)
    at async onImport.tracePromise.__proto__ (node:internal/modules/esm/loader:583:26)
    at async asyncRunEntryPointWithESMLoader (node:internal/modules/run_main:98:5)
[2026-04-08 20:38:46] [31merror[39m: ReferenceError: j is not defined
    at <anonymous> (/Users/rohankandalkar/newReparv/bharat-quiz/backend/src/controllers/quiz.controller.ts:4:56)
    at ModuleJob.run (node:internal/modules/esm/module_job:272:25)
    at async onImport.tracePromise.__proto__ (node:internal/modules/esm/loader:583:26)
    at async asyncRunEntryPointWithESMLoader (node:internal/modules/run_main:98:5)
[2026-04-08 20:49:15] [31merror[39m: ReferenceError: j is not defined
    at <anonymous> (/Users/rohankandalkar/newReparv/bharat-quiz/backend/src/controllers/quiz.controller.ts:4:56)
    at ModuleJob.run (node:internal/modules/esm/module_job:272:25)
    at async onImport.tracePromise.__proto__ (node:internal/modules/esm/loader:583:26)
    at async asyncRunEntryPointWithESMLoader (node:internal/modules/run_main:98:5)
[2026-04-08 20:49:33] [31merror[39m: ReferenceError: j is not defined
    at <anonymous> (/Users/rohankandalkar/newReparv/bharat-quiz/backend/src/controllers/quiz.controller.ts:4:56)
    at ModuleJob.run (node:internal/modules/esm/module_job:272:25)
    at async onImport.tracePromise.__proto__ (node:internal/modules/esm/loader:583:26)
    at async asyncRunEntryPointWithESMLoader (node:internal/modules/run_main:98:5)
[2026-04-08 20:49:43] [31merror[39m: ReferenceError: j is not defined
    at <anonymous> (/Users/rohankandalkar/newReparv/bharat-quiz/backend/src/controllers/quiz.controller.ts:4:56)
    at ModuleJob.run (node:internal/modules/esm/module_job:272:25)
    at async onImport.tracePromise.__proto__ (node:internal/modules/esm/loader:583:26)
    at async asyncRunEntryPointWithESMLoader (node:internal/modules/run_main:98:5)
[2026-04-08 20:49:47] [31merror[39m: ReferenceError: j is not defined
    at <anonymous> (/Users/rohankandalkar/newReparv/bharat-quiz/backend/src/controllers/quiz.controller.ts:4:56)
    at ModuleJob.run (node:internal/modules/esm/module_job:272:25)
    at async onImport.tracePromise.__proto__ (node:internal/modules/esm/loader:583:26)
    at async asyncRunEntryPointWithESMLoader (node:internal/modules/run_main:98:5)
[2026-04-08 20:57:29] [31merror[39m: ReferenceError: j is not defined
    at <anonymous> (/Users/rohankandalkar/newReparv/bharat-quiz/backend/src/controllers/quiz.controller.ts:4:56)
    at ModuleJob.run (node:internal/modules/esm/module_job:272:25)
    at async onImport.tracePromise.__proto__ (node:internal/modules/esm/loader:583:26)
    at async asyncRunEntryPointWithESMLoader (node:internal/modules/run_main:98:5)
[2026-04-09 10:57:14] [31merror[39m: ReferenceError: j is not defined
    at <anonymous> (/Users/rohankandalkar/newReparv/bharat-quiz/backend/src/controllers/quiz.controller.ts:4:56)
    at ModuleJob.run (node:internal/modules/esm/module_job:272:25)
    at async onImport.tracePromise.__proto__ (node:internal/modules/esm/loader:583:26)
    at async asyncRunEntryPointWithESMLoader (node:internal/modules/run_main:98:5)
[2026-04-09 10:57:27] [31merror[39m: ReferenceError: j is not defined
    at <anonymous> (/Users/rohankandalkar/newReparv/bharat-quiz/backend/src/controllers/quiz.controller.ts:4:56)
    at ModuleJob.run (node:internal/modules/esm/module_job:272:25)
    at async onImport.tracePromise.__proto__ (node:internal/modules/esm/loader:583:26)
    at async asyncRunEntryPointWithESMLoader (node:internal/modules/run_main:98:5)
[2026-04-09 11:00:26] [31merror[39m: ReferenceError: j is not defined
    at <anonymous> (/Users/rohankandalkar/newReparv/bharat-quiz/backend/src/controllers/quiz.controller.ts:4:56)
    at ModuleJob.run (node:internal/modules/esm/module_job:272:25)
    at async onImport.tracePromise.__proto__ (node:internal/modules/esm/loader:583:26)
    at async asyncRunEntryPointWithESMLoader (node:internal/modules/run_main:98:5)
[2026-04-09 11:10:57] [31merror[39m: Error: listen EADDRINUSE: address already in use :::5000
    at Server.setupListenHandle [as _listen2] (node:net:1937:16)
    at listenInCluster (node:net:1994:12)
    at Server.listen (node:net:2099:7)
    at bootstrap (/Users/rohankandalkar/newReparv/bharat-quiz/backend/src/server.ts:14:10)
    at process.processTicksAndRejections (node:internal/process/task_queues:105:5)
[2026-04-09 11:12:07] [31merror[39m: Error: listen EADDRINUSE: address already in use :::5000
    at Server.setupListenHandle [as _listen2] (node:net:1937:16)
    at listenInCluster (node:net:1994:12)
    at Server.listen (node:net:2099:7)
    at bootstrap (/Users/rohankandalkar/newReparv/bharat-quiz/backend/src/server.ts:14:10)
    at process.processTicksAndRejections (node:internal/process/task_queues:105:5)
[2026-04-09 11:19:34] [31merror[39m: Error: listen EADDRINUSE: address already in use :::5000
    at Server.setupListenHandle [as _listen2] (node:net:1937:16)
    at listenInCluster (node:net:1994:12)
    at Server.listen (node:net:2099:7)
    at bootstrap (/Users/rohankandalkar/newReparv/bharat-quiz/backend/src/server.ts:14:10)
    at process.processTicksAndRejections (node:internal/process/task_queues:105:5)
[2026-04-09 11:21:56] [31merror[39m: Error: listen EADDRINUSE: address already in use :::5000
    at Server.setupListenHandle [as _listen2] (node:net:1937:16)
    at listenInCluster (node:net:1994:12)
    at Server.listen (node:net:2099:7)
    at bootstrap (/Users/rohankandalkar/newReparv/bharat-quiz/backend/src/server.ts:14:10)
    at process.processTicksAndRejections (node:internal/process/task_queues:105:5)
[2026-04-09 11:22:10] [31merror[39m: Error: listen EADDRINUSE: address already in use :::5000
    at Server.setupListenHandle [as _listen2] (node:net:1937:16)
    at listenInCluster (node:net:1994:12)
    at Server.listen (node:net:2099:7)
    at bootstrap (/Users/rohankandalkar/newReparv/bharat-quiz/backend/src/server.ts:14:10)
    at process.processTicksAndRejections (node:internal/process/task_queues:105:5)
[2026-04-09 11:22:57] [31merror[39m: Error: listen EADDRINUSE: address already in use :::5000
    at Server.setupListenHandle [as _listen2] (node:net:1937:16)
    at listenInCluster (node:net:1994:12)
    at Server.listen (node:net:2099:7)
    at bootstrap (/Users/rohankandalkar/newReparv/bharat-quiz/backend/src/server.ts:14:10)
    at process.processTicksAndRejections (node:internal/process/task_queues:105:5)
[2026-04-09 11:24:23] [31merror[39m: Error: listen EADDRINUSE: address already in use :::5000
    at Server.setupListenHandle [as _listen2] (node:net:1937:16)
    at listenInCluster (node:net:1994:12)
    at Server.listen (node:net:2099:7)
    at bootstrap (/Users/rohankandalkar/newReparv/bharat-quiz/backend/src/server.ts:14:10)
    at process.processTicksAndRejections (node:internal/process/task_queues:105:5)
[2026-04-09 11:27:42] [31merror[39m: Error: listen EADDRINUSE: address already in use :::5000
    at Server.setupListenHandle [as _listen2] (node:net:1937:16)
    at listenInCluster (node:net:1994:12)
    at Server.listen (node:net:2099:7)
    at bootstrap (/Users/rohankandalkar/newReparv/bharat-quiz/backend/src/server.ts:14:10)
    at process.processTicksAndRejections (node:internal/process/task_queues:105:5)
[2026-04-09 11:28:01] [31merror[39m: Error: listen EADDRINUSE: address already in use :::5000
    at Server.setupListenHandle [as _listen2] (node:net:1937:16)
    at listenInCluster (node:net:1994:12)
    at Server.listen (node:net:2099:7)
    at bootstrap (/Users/rohankandalkar/newReparv/bharat-quiz/backend/src/server.ts:14:10)
    at process.processTicksAndRejections (node:internal/process/task_queues:105:5)
[2026-04-09 11:53:16] [31merror[39m: Error: listen EADDRINUSE: address already in use :::5000
    at Server.setupListenHandle [as _listen2] (node:net:1937:16)
    at listenInCluster (node:net:1994:12)
    at Server.listen (node:net:2099:7)
    at bootstrap (/Users/rohankandalkar/newReparv/bharat-quiz/backend/src/server.ts:14:10)
    at process.processTicksAndRejections (node:internal/process/task_queues:105:5)
